<?xml version="1.0" encoding="UTF-8"?>
<!-- Generated by org.testng.reporters.JUnitReportReporter -->
<testsuite hostname="Shakib-PC" name="whatever.StartWebDriver" tests="1" failures="0" timestamp="15 Oct 2015 12:02:29 GMT" time="1.127" errors="0">
  <testcase name="elementAction" time="1.127" classname="whatever.StartWebDriver"/>
</testsuite> <!-- whatever.StartWebDriver -->
