<?xml version="1.0" encoding="UTF-8"?>
<!-- Generated by org.testng.reporters.JUnitReportReporter -->
<testsuite hostname="Shakib-PC" name="whatever.SelectTestCase" tests="1" failures="0" timestamp="25 Oct 2015 18:11:58 GMT" time="27.130" errors="0">
  <testcase name="selectMethod" time="27.130" classname="whatever.SelectTestCase"/>
</testsuite> <!-- whatever.SelectTestCase -->
