<?xml version="1.0" encoding="UTF-8"?>
<!-- Generated by org.testng.reporters.JUnitReportReporter -->
<testsuite hostname="Shakib-PC" name="whatever.TestCaseOne" tests="1" failures="0" timestamp="16 Oct 2015 05:27:29 GMT" time="8.311" errors="0">
  <testcase name="elementAction" time="8.311" classname="whatever.TestCaseOne"/>
</testsuite> <!-- whatever.TestCaseOne -->
