<?xml version="1.0" encoding="UTF-8"?>
<!-- Generated by org.testng.reporters.JUnitReportReporter -->
<testsuite hostname="Shakib-PC" name="whatever.TestCaseAlert" tests="3" failures="0" timestamp="21 Oct 2015 23:52:51 GMT" time="48.730" errors="0">
  <testcase name="javaScriptAlertPage" time="10.180" classname="whatever.TestCaseAlert"/>
  <testcase name="alertMethodOne" time="31.841" classname="whatever.TestCaseAlert"/>
  <testcase name="alertMethodtwo" time="6.709" classname="whatever.TestCaseAlert"/>
</testsuite> <!-- whatever.TestCaseAlert -->
