<?xml version="1.0" encoding="UTF-8"?>
<!-- Generated by org.testng.reporters.JUnitReportReporter -->
<testsuite hostname="Shakib-PC" name="whatever.TestCaseWindowHandling" tests="1" failures="0" timestamp="20 Oct 2015 00:55:08 GMT" time="35.209" errors="0">
  <testcase name="testCaseTwo" time="35.209" classname="whatever.TestCaseWindowHandling"/>
</testsuite> <!-- whatever.TestCaseWindowHandling -->
