<?xml version="1.0" encoding="UTF-8"?>
<!-- Generated by org.testng.reporters.JUnitReportReporter -->
<testsuite hostname="Shakib-PC" name="whatever.FlightsRoundtrip" tests="1" failures="0" timestamp="22 Oct 2015 08:21:46 GMT" time="27.641" errors="0">
  <testcase name="verifyRoundtrip" time="27.641" classname="whatever.FlightsRoundtrip"/>
</testsuite> <!-- whatever.FlightsRoundtrip -->
