<?xml version="1.0" encoding="UTF-8"?>
<!-- Generated by org.testng.reporters.JUnitReportReporter -->
<testsuite hostname="Shakib-PC" name="whatever.DropDown" tests="1" failures="0" timestamp="16 Oct 2015 06:30:27 GMT" time="8.782" errors="0">
  <testcase name="DropDownTutorial" time="8.782" classname="whatever.DropDown"/>
</testsuite> <!-- whatever.DropDown -->
